682.664 0 0 -0 947.098 -984.231 -368.339 0 0 0 -515.802 477.781 0 0 0 0 0 0 
0 682.664 0 -947.098 -0 70.0009 0 -368.339 0 515.802 0 -223.92 0 0 0 0 0 0 
0 0 682.664 984.231 -70.0009 -0 0 0 -368.339 -477.781 223.92 0 0 0 0 0 0 0 
0 -947.098 984.231 3068.91 -24.0009 -96.2962 0 515.802 -477.781 -1482.46 317.354 386.152 0 0 0 0 0 0 
947.098 0 -70.0009 -24.0009 1952.02 -1447.06 -515.802 0 223.92 317.354 -1073.9 709.815 0 0 0 0 0 0 
-984.231 70.0009 0 -96.2962 -1447.06 1980.59 477.781 -223.92 0 386.152 709.815 -937.342 0 0 0 0 0 0 
-368.339 0 0 0 -515.802 477.781 919.115 0 0 -0 2336.6 -1287.93 -550.777 0 0 0 -1820.8 810.158 
0 -368.339 0 515.802 0 -223.92 0 919.115 0 -2336.6 -0 638.821 0 -550.777 0 1820.8 0 -414.877 
0 0 -368.339 -477.781 223.92 0 0 0 919.115 1287.93 -638.821 -0 0 0 -550.777 -810.158 414.877 0 
0 515.802 -477.781 -1482.46 317.354 386.152 0 -2336.6 1287.93 8871.93 -915.725 -1788.58 0 1820.8 -810.15 -7389.45 598.233 1402.2 
-515.802 0 223.92 317.354 -1073.9 709.815 2336.6 0 -638.821 -915.725 7676.7 -3394 -1820.8 0 414.902 598.257 -6602.33 2684.18 
477.781 -223.92 0 386.152 709.815 -937.342 -1287.93 638.821 0 -1788.58 -3394 2584.89 810.15 -414.902 0 1402.26 2684.12 -1647.09 
0 0 0 0 0 0 -550.777 0 0 0 -1820.8 810.15 550.777 0 0 -0 1820.8 -810.158 
0 0 0 0 0 0 0 -550.777 0 1820.8 0 -414.902 0 550.777 0 -1820.8 -0 414.877 
0 0 0 0 0 0 0 0 -550.777 -810.15 414.902 0 0 0 550.777 810.158 -414.877 -0 
0 0 0 0 0 0 0 1820.8 -810.158 -7389.45 598.257 1402.26 0 -1820.8 810.158 7389.57 -598.208 -1402.21 
0 0 0 0 0 0 -1820.8 0 414.877 598.233 -6602.33 2684.12 1820.8 0 -414.877 -598.208 6602.29 -2684.16 
0 0 0 0 0 0 810.158 -414.877 0 1402.2 2684.18 -1647.09 -810.158 414.877 0 -1402.21 -2684.16 1647.08 



0 0 0 0 0 0 0 0 0 0 0 0 0 0 0 0 0 0 
0 0 0 0 0 0 0 0 0 0 0 0 0 0 0 0 0 0 
0 0 0 0 0 0 0 0 0 0 0 0 0 0 0 0 0 0 
0 0 0 11.0248 -1.61074 0.0537428 0 0 0 -5.97119 1.06689 -0.0355972 0 0 0 0 0 0 
0 0 0 -1.61074 0.247854 0.367435 0 0 0 0.872095 -0.164787 -0.198939 0 0 0 0 0 0 
0 0 0 0.0537428 0.367435 11.2481 0 0 0 -0.0383059 -0.261895 -6.1185 0 0 0 0 0 0 
0 0 0 0 0 0 0 0 0 0 0 0 0 0 0 0 0 0 
0 0 0 0 0 0 0 0 0 0 0 0 0 0 0 0 0 0 
0 0 0 0 0 0 0 0 0 0 0 0 0 0 0 0 0 0 
0 0 0 -5.97119 0.872095 -0.0383059 0 0 0 10.9486 -1.95532 0.0858853 0 0 0 -5.00926 0.885882 -0.0389115 
0 0 0 1.06689 -0.164787 -0.261895 0 0 0 -1.95532 0.370958 0.479979 0 0 0 0.894651 -0.167929 -0.219613 
0 0 0 -0.0355972 -0.198939 -6.1185 0 0 0 0.0858853 0.479979 11.2774 0 0 0 -0.0383463 -0.214302 -5.15836 
0 0 0 0 0 0 0 0 0 0 0 0 0 0 0 0 0 0 
0 0 0 0 0 0 0 0 0 0 0 0 0 0 0 0 0 0 
0 0 0 0 0 0 0 0 0 0 0 0 0 0 0 0 0 0 
0 0 0 0 0 0 0 0 0 -5.00926 0.894651 -0.0383463 0 0 0 5.01077 -0.886189 0.0379836 
0 0 0 0 0 0 0 0 0 0.885882 -0.167929 -0.214302 0 0 0 -0.886189 0.166205 0.214377 
0 0 0 0 0 0 0 0 0 -0.0389115 -0.219613 -5.15836 0 0 0 0.0379836 0.214377 5.1586