Determining if the pthread_create exist failed with the following output:
Change Dir: /media/zheng/Repository/CollaborativeFusion/src/collaborative_fusion/obj-x86_64-linux-gnu/CMakeFiles/CMakeTmp

Run Build Command:"/usr/bin/make" "cmTC_3ccc1/fast"
make[2]: Entering directory '/media/zheng/Repository/CollaborativeFusion/src/collaborative_fusion/obj-x86_64-linux-gnu/CMakeFiles/CMakeTmp'
/usr/bin/make -f CMakeFiles/cmTC_3ccc1.dir/build.make CMakeFiles/cmTC_3ccc1.dir/build
make[3]: Entering directory '/media/zheng/Repository/CollaborativeFusion/src/collaborative_fusion/obj-x86_64-linux-gnu/CMakeFiles/CMakeTmp'
Building C object CMakeFiles/cmTC_3ccc1.dir/CheckSymbolExists.c.o
/usr/bin/cc    -g -O2 -fstack-protector-strong -Wformat -Werror=format-security -Wdate-time -D_FORTIFY_SOURCE=2     -o CMakeFiles/cmTC_3ccc1.dir/CheckSymbolExists.c.o   -c /media/zheng/Repository/CollaborativeFusion/src/collaborative_fusion/obj-x86_64-linux-gnu/CMakeFiles/CMakeTmp/CheckSymbolExists.c
Linking C executable cmTC_3ccc1
/usr/bin/cmake -E cmake_link_script CMakeFiles/cmTC_3ccc1.dir/link.txt --verbose=1
/usr/bin/cc  -g -O2 -fstack-protector-strong -Wformat -Werror=format-security -Wdate-time -D_FORTIFY_SOURCE=2      CMakeFiles/cmTC_3ccc1.dir/CheckSymbolExists.c.o  -o cmTC_3ccc1 -rdynamic 
CMakeFiles/cmTC_3ccc1.dir/CheckSymbolExists.c.o: In function `main':
/media/zheng/Repository/CollaborativeFusion/src/collaborative_fusion/obj-x86_64-linux-gnu/CMakeFiles/CMakeTmp/CheckSymbolExists.c:8: undefined reference to `pthread_create'
collect2: error: ld returned 1 exit status
CMakeFiles/cmTC_3ccc1.dir/build.make:97: recipe for target 'cmTC_3ccc1' failed
make[3]: *** [cmTC_3ccc1] Error 1
make[3]: Leaving directory '/media/zheng/Repository/CollaborativeFusion/src/collaborative_fusion/obj-x86_64-linux-gnu/CMakeFiles/CMakeTmp'
Makefile:126: recipe for target 'cmTC_3ccc1/fast' failed
make[2]: *** [cmTC_3ccc1/fast] Error 2
make[2]: Leaving directory '/media/zheng/Repository/CollaborativeFusion/src/collaborative_fusion/obj-x86_64-linux-gnu/CMakeFiles/CMakeTmp'

File /media/zheng/Repository/CollaborativeFusion/src/collaborative_fusion/obj-x86_64-linux-gnu/CMakeFiles/CMakeTmp/CheckSymbolExists.c:
/* */
#include <pthread.h>

int main(int argc, char** argv)
{
  (void)argv;
#ifndef pthread_create
  return ((int*)(&pthread_create))[argc];
#else
  (void)argc;
  return 0;
#endif
}

Determining if the function pthread_create exists in the pthreads failed with the following output:
Change Dir: /media/zheng/Repository/CollaborativeFusion/src/collaborative_fusion/obj-x86_64-linux-gnu/CMakeFiles/CMakeTmp

Run Build Command:"/usr/bin/make" "cmTC_9429f/fast"
make[2]: Entering directory '/media/zheng/Repository/CollaborativeFusion/src/collaborative_fusion/obj-x86_64-linux-gnu/CMakeFiles/CMakeTmp'
/usr/bin/make -f CMakeFiles/cmTC_9429f.dir/build.make CMakeFiles/cmTC_9429f.dir/build
make[3]: Entering directory '/media/zheng/Repository/CollaborativeFusion/src/collaborative_fusion/obj-x86_64-linux-gnu/CMakeFiles/CMakeTmp'
Building C object CMakeFiles/cmTC_9429f.dir/CheckFunctionExists.c.o
/usr/bin/cc    -g -O2 -fstack-protector-strong -Wformat -Werror=format-security -Wdate-time -D_FORTIFY_SOURCE=2  -DCHECK_FUNCTION_EXISTS=pthread_create   -o CMakeFiles/cmTC_9429f.dir/CheckFunctionExists.c.o   -c /usr/share/cmake-3.5/Modules/CheckFunctionExists.c
Linking C executable cmTC_9429f
/usr/bin/cmake -E cmake_link_script CMakeFiles/cmTC_9429f.dir/link.txt --verbose=1
/usr/bin/cc  -g -O2 -fstack-protector-strong -Wformat -Werror=format-security -Wdate-time -D_FORTIFY_SOURCE=2  -DCHECK_FUNCTION_EXISTS=pthread_create    CMakeFiles/cmTC_9429f.dir/CheckFunctionExists.c.o  -o cmTC_9429f -rdynamic -lpthreads 
/usr/bin/ld: cannot find -lpthreads
collect2: error: ld returned 1 exit status
CMakeFiles/cmTC_9429f.dir/build.make:97: recipe for target 'cmTC_9429f' failed
make[3]: *** [cmTC_9429f] Error 1
make[3]: Leaving directory '/media/zheng/Repository/CollaborativeFusion/src/collaborative_fusion/obj-x86_64-linux-gnu/CMakeFiles/CMakeTmp'
Makefile:126: recipe for target 'cmTC_9429f/fast' failed
make[2]: *** [cmTC_9429f/fast] Error 2
make[2]: Leaving directory '/media/zheng/Repository/CollaborativeFusion/src/collaborative_fusion/obj-x86_64-linux-gnu/CMakeFiles/CMakeTmp'


